<?xml version="1.0" encoding="UTF-8"?>
<!-- Generated by org.testng.reporters.JUnitReportReporter -->
<testsuite hostname="EGCA1-0091" failures="0" tests="5" name="test_cases.CheckMainOperations" time="37.906" errors="0" timestamp="2022-07-22T16:53:42 EET" skipped="0">
  <testcase classname="test_cases.CheckMainOperations" name="checkSummationOperation" time="14.833"/>
  <system-out/>
  <testcase classname="test_cases.CheckMainOperations" name="checkSubtractionOperation" time="6.013"/>
  <system-out/>
  <testcase classname="test_cases.CheckMainOperations" name="checkMultiblicationOperation" time="5.999"/>
  <system-out/>
  <testcase classname="test_cases.CheckMainOperations" name="checkDivisionOperation" time="6.503"/>
  <system-out/>
  <testcase classname="test_cases.CheckMainOperations" name="checkModulasOperation" time="4.558"/>
  <system-out/>
</testsuite> <!-- test_cases.CheckMainOperations -->
